talk/app/build/outputs/logs/manifest-merger-debug-report.txt
-- Merging decision tree log ---
manifest
ADDED from src\main\AndroidManifest.xml:2:1-334:12
	package
		ADDED from src\main\AndroidManifest.xml:4:5-33
		INJECTED from src\main\AndroidManifest.xml
		INJECTED from src\main\AndroidManifest.xml
	android:versionName
		ADDED from src\main\AndroidManifest.xml:6:5-30
		INJECTED from src\main\AndroidManifest.xml
		INJECTED from src\main\AndroidManifest.xml
	xmlns:tools
		ADDED from src\main\AndroidManifest.xml:3:5-51
	android:versionCode
		ADDED from src\main\AndroidManifest.xml:5:5-28
		INJECTED from src\main\AndroidManifest.xml
		INJECTED from src\main\AndroidManifest.xml
	xmlns:android
		ADDED from src\main\AndroidManifest.xml:2:11-69
uses-permission#android.permission.VIBRATE
ADDED from src\main\AndroidManifest.xml:8:5-66
	android:name
		ADDED from src\main\AndroidManifest.xml:8:22-63
uses-permission#android.permission.INTERNET
ADDED from src\main\AndroidManifest.xml:9:5-67
MERGED from [com.google.firebase:firebase-measurement-connector-impl:15.0.0] AndroidManifest.xml:22:5-67
MERGED from [com.google.firebase:firebase-analytics:15.0.2] AndroidManifest.xml:23:5-67
MERGED from [com.google.firebase:firebase-analytics-impl:15.0.2] AndroidManifest.xml:23:5-67
MERGED from [com.google.firebase:firebase-iid:15.1.0] AndroidManifest.xml:23:5-67
MERGED from [com.google.android.gms:play-services-gcm:15.0.1] AndroidManifest.xml:24:5-67
MERGED from [com.google.android.gms:play-services-iid:15.0.1] AndroidManifest.xml:24:5-67
	android:name
		ADDED from src\main\AndroidManifest.xml:9:22-64
uses-permission#android.permission.RECORD_AUDIO
ADDED from src\main\AndroidManifest.xml:10:5-71
	android:name
		ADDED from src\main\AndroidManifest.xml:10:22-68
uses-permission#android.permission.CAMERA
ADDED from src\main\AndroidManifest.xml:11:5-65
	android:name
		ADDED from src\main\AndroidManifest.xml:11:22-62
uses-permission#android.permission.ACCESS_NETWORK_STATE
ADDED from src\main\AndroidManifest.xml:12:5-79
MERGED from [com.google.firebase:firebase-measurement-connector-impl:15.0.0] AndroidManifest.xml:23:5-79
MERGED from [com.google.firebase:firebase-analytics:15.0.2] AndroidManifest.xml:24:5-79
MERGED from [com.google.firebase:firebase-analytics-impl:15.0.2] AndroidManifest.xml:24:5-79
MERGED from [com.google.firebase:firebase-iid:15.1.0] AndroidManifest.xml:22:5-79
	android:name
		ADDED from src\main\AndroidManifest.xml:12:22-76
uses-permission#android.permission.CHANGE_NETWORK_STATE
ADDED from src\main\AndroidManifest.xml:13:5-79
	android:name
		ADDED from src\main\AndroidManifest.xml:13:22-76
uses-permission#android.permission.WRITE_EXTERNAL_STORAGE
ADDED from src\main\AndroidManifest.xml:14:5-81
	android:name
		ADDED from src\main\AndroidManifest.xml:14:22-78
uses-permission#android.permission.MOUNT_UNMOUNT_FILESYSTEMS
ADDED from src\main\AndroidManifest.xml:15:5-84
	android:name
		ADDED from src\main\AndroidManifest.xml:15:22-81
uses-permission#android.permission.ACCESS_FINE_LOCATION
ADDED from src\main\AndroidManifest.xml:16:5-79
	android:name
		ADDED from src\main\AndroidManifest.xml:16:22-76
uses-permission#android.permission.GET_TASKS
ADDED from src\main\AndroidManifest.xml:17:5-68
	android:name
		ADDED from src\main\AndroidManifest.xml:17:22-65
uses-permission#android.permission.ACCESS_WIFI_STATE
ADDED from src\main\AndroidManifest.xml:18:5-76
	android:name
		ADDED from src\main\AndroidManifest.xml:18:22-73
uses-permission#android.permission.CHANGE_WIFI_STATE
ADDED from src\main\AndroidManifest.xml:19:5-76
	android:name
		ADDED from src\main\AndroidManifest.xml:19:22-73
uses-permission#android.permission.WAKE_LOCK
ADDED from src\main\AndroidManifest.xml:20:5-68
MERGED from [com.google.firebase:firebase-measurement-connector-impl:15.0.0] AndroidManifest.xml:24:5-68
MERGED from [com.google.firebase:firebase-analytics:15.0.2] AndroidManifest.xml:25:5-68
MERGED from [com.google.firebase:firebase-analytics-impl:15.0.2] AndroidManifest.xml:25:5-68
MERGED from [com.google.firebase:firebase-iid:15.1.0] AndroidManifest.xml:24:5-68
	android:name
		ADDED from src\main\AndroidManifest.xml:20:22-65
uses-permission#android.permission.MODIFY_AUDIO_SETTINGS
ADDED from src\main\AndroidManifest.xml:21:5-80
	android:name
		ADDED from src\main\AndroidManifest.xml:21:22-77
uses-permission#android.permission.READ_PHONE_STATE
ADDED from src\main\AndroidManifest.xml:22:5-75
	android:name
		ADDED from src\main\AndroidManifest.xml:22:22-72
uses-permission#android.permission.RECEIVE_BOOT_COMPLETED
ADDED from src\main\AndroidManifest.xml:23:5-81
	android:name
		ADDED from src\main\AndroidManifest.xml:23:22-78
uses-permission#com.android.launcher.permission.READ_SETTINGS
ADDED from src\main\AndroidManifest.xml:24:5-85
	android:name
		ADDED from src\main\AndroidManifest.xml:24:22-82
uses-permission#android.permission.BROADCAST_STICKY
ADDED from src\main\AndroidManifest.xml:25:5-75
	android:name
		ADDED from src\main\AndroidManifest.xml:25:22-72
uses-permission#android.permission.REQUEST_IGNORE_BATTERY_OPTIMIZATIONS
ADDED from src\main\AndroidManifest.xml:26:5-95
	android:name
		ADDED from src\main\AndroidManifest.xml:26:22-92
uses-permission#android.permission.READ_LOGS
ADDED from src\main\AndroidManifest.xml:28:5-68
	android:name
		ADDED from src\main\AndroidManifest.xml:28:22-65
permission#cc.yuanlee.labtalk.permission.MIPUSH_RECEIVE
ADDED from src\main\AndroidManifest.xml:31:5-33:55
	android:protectionLevel
		ADDED from src\main\AndroidManifest.xml:33:9-52
	android:name
		ADDED from src\main\AndroidManifest.xml:32:9-68
uses-permission#cc.yuanlee.labtalk.permission.MIPUSH_RECEIVE
ADDED from src\main\AndroidManifest.xml:35:5-84
	android:name
		ADDED from src\main\AndroidManifest.xml:35:22-81
uses-permission#android.permission.READ_EXTERNAL_STORAGE
ADDED from src\main\AndroidManifest.xml:36:5-80
	android:name
		ADDED from src\main\AndroidManifest.xml:36:22-77
application
ADDED from src\main\AndroidManifest.xml:38:5-332:19
MERGED from [com.android.support:appcompat-v7:24.2.1] AndroidManifest.xml:25:5-20
MERGED from [com.android.support:animated-vector-drawable:24.2.1] AndroidManifest.xml:22:5-20
MERGED from [com.android.support:support-vector-drawable:24.2.1] AndroidManifest.xml:23:5-20
MERGED from [com.google.firebase:firebase-messaging:15.0.2] AndroidManifest.xml:22:5-35:19
MERGED from [com.google.firebase:firebase-core:15.0.2] AndroidManifest.xml:7:5-20
MERGED from [com.google.firebase:firebase-measurement-connector-impl:15.0.0] AndroidManifest.xml:26:5-32:19
MERGED from [com.google.firebase:firebase-analytics:15.0.2] AndroidManifest.xml:28:5-53:19
MERGED from [com.google.firebase:firebase-analytics-impl:15.0.2] AndroidManifest.xml:28:5-39:19
MERGED from [com.google.android.gms:play-services-ads-identifier:15.0.1] AndroidManifest.xml:22:5-20
MERGED from [com.google.android.gms:play-services-measurement-base:15.0.2] AndroidManifest.xml:22:5-20
MERGED from [com.google.firebase:firebase-iid:15.1.0] AndroidManifest.xml:34:5-63:19
MERGED from [com.google.firebase:firebase-iid-interop:15.0.0] AndroidManifest.xml:7:5-8:19
MERGED from [com.google.firebase:firebase-common:15.0.1] AndroidManifest.xml:7:5-13:19
MERGED from [com.google.firebase:firebase-measurement-connector:15.0.0] AndroidManifest.xml:22:5-23:19
MERGED from [com.google.android.gms:play-services-gcm:15.0.1] AndroidManifest.xml:26:5-20
MERGED from [com.google.android.gms:play-services-iid:15.0.1] AndroidManifest.xml:26:5-20
MERGED from [com.google.android.gms:play-services-base:15.0.1] AndroidManifest.xml:22:5-27:19
MERGED from [com.google.android.gms:play-services-tasks:15.0.1] AndroidManifest.xml:7:5-20
MERGED from [com.google.android.gms:play-services-stats:15.0.1] AndroidManifest.xml:7:5-20
MERGED from [com.google.android.gms:play-services-basement:15.0.1] AndroidManifest.xml:22:5-26:19
MERGED from [com.android.support:support-v4:26.1.0] AndroidManifest.xml:25:5-29:19
MERGED from [com.android.support:support-media-compat:26.1.0] AndroidManifest.xml:25:5-29:19
MERGED from [com.android.support:support-fragment:26.1.0] AndroidManifest.xml:25:5-29:19
MERGED from [com.android.support:support-core-ui:26.1.0] AndroidManifest.xml:25:5-29:19
MERGED from [com.android.support:support-core-utils:26.1.0] AndroidManifest.xml:25:5-29:19
MERGED from [com.android.support:support-compat:26.1.0] AndroidManifest.xml:25:5-29:19
MERGED from [android.arch.lifecycle:runtime:1.0.0] AndroidManifest.xml:24:5-28:19
	android:label
		ADDED from src\main\AndroidManifest.xml:43:9-41
	android:roundIcon
		ADDED from src\main\AndroidManifest.xml:42:9-52
	android:allowBackup
		ADDED from src\main\AndroidManifest.xml:40:9-35
	android:icon
		ADDED from src\main\AndroidManifest.xml:41:9-41
	android:name
		ADDED from src\main\AndroidManifest.xml:39:9-56
activity#cc.yuanlee.labtalk.activity.MainActivity
ADDED from src\main\AndroidManifest.xml:44:9-49:55
	android:screenOrientation
		ADDED from src\main\AndroidManifest.xml:47:13-49
	android:launchMode
		ADDED from src\main\AndroidManifest.xml:46:13-44
	android:windowSoftInputMode
		ADDED from src\main\AndroidManifest.xml:49:13-52
	android:theme
		ADDED from src\main\AndroidManifest.xml:48:13-52
	android:name
		ADDED from src\main\AndroidManifest.xml:45:13-68
activity#cc.yuanlee.labtalk.activity.WelcomeActivity
ADDED from src\main\AndroidManifest.xml:52:9-61:20
	android:screenOrientation
		ADDED from src\main\AndroidManifest.xml:54:13-49
	android:theme
		ADDED from src\main\AndroidManifest.xml:55:13-52
	android:name
		ADDED from src\main\AndroidManifest.xml:53:13-71
intent-filter#android.intent.action.MAIN+android.intent.category.LAUNCHER
ADDED from src\main\AndroidManifest.xml:56:13-60:29
action#android.intent.action.MAIN
ADDED from src\main\AndroidManifest.xml:57:17-69
	android:name
		ADDED from src\main\AndroidManifest.xml:57:25-66
category#android.intent.category.LAUNCHER
ADDED from src\main\AndroidManifest.xml:59:17-77
	android:name
		ADDED from src\main\AndroidManifest.xml:59:27-74
activity#cc.yuanlee.labtalk.activity.LoginActivity
ADDED from src\main\AndroidManifest.xml:64:9-68:71
	android:screenOrientation
		ADDED from src\main\AndroidManifest.xml:66:13-49
	android:windowSoftInputMode
		ADDED from src\main\AndroidManifest.xml:68:13-68
	android:theme
		ADDED from src\main\AndroidManifest.xml:67:13-52
	android:name
		ADDED from src\main\AndroidManifest.xml:65:13-69
activity#cc.yuanlee.labtalk.activity.ChatActivity
ADDED from src\main\AndroidManifest.xml:71:9-76:58
	android:screenOrientation
		ADDED from src\main\AndroidManifest.xml:74:13-49
	android:launchMode
		ADDED from src\main\AndroidManifest.xml:73:13-44
	android:windowSoftInputMode
		ADDED from src\main\AndroidManifest.xml:76:13-55
	android:theme
		ADDED from src\main\AndroidManifest.xml:75:13-52
	android:name
		ADDED from src\main\AndroidManifest.xml:72:13-68
activity#cc.yuanlee.labtalk.activity.AddContactActivity
ADDED from src\main\AndroidManifest.xml:78:9-82:58
	android:screenOrientation
		ADDED from src\main\AndroidManifest.xml:80:13-49
	android:windowSoftInputMode
		ADDED from src\main\AndroidManifest.xml:82:13-55
	android:theme
		ADDED from src\main\AndroidManifest.xml:81:13-52
	android:name
		ADDED from src\main\AndroidManifest.xml:79:13-74
activity#cc.yuanlee.labtalk.activity.GroupDetailsActivity
ADDED from src\main\AndroidManifest.xml:84:9-87:55
	android:screenOrientation
		ADDED from src\main\AndroidManifest.xml:86:13-49
	android:theme
		ADDED from src\main\AndroidManifest.xml:87:13-52
	android:name
		ADDED from src\main\AndroidManifest.xml:85:13-76
activity#cc.yuanlee.labtalk.activity.GroupsActivity
ADDED from src\main\AndroidManifest.xml:89:9-93:55
	android:screenOrientation
		ADDED from src\main\AndroidManifest.xml:91:13-49
	android:windowSoftInputMode
		ADDED from src\main\AndroidManifest.xml:93:13-52
	android:theme
		ADDED from src\main\AndroidManifest.xml:92:13-52
	android:name
		ADDED from src\main\AndroidManifest.xml:90:13-70
activity#cc.yuanlee.labtalk.activity.ResearchRoomDetailsActivity
ADDED from src\main\AndroidManifest.xml:96:9-99:55
	android:screenOrientation
		ADDED from src\main\AndroidManifest.xml:98:13-49
	android:theme
		ADDED from src\main\AndroidManifest.xml:99:13-52
	android:name
		ADDED from src\main\AndroidManifest.xml:97:13-83
activity#cc.yuanlee.labtalk.activity.NewGroupActivity
ADDED from src\main\AndroidManifest.xml:102:9-106:55
	android:screenOrientation
		ADDED from src\main\AndroidManifest.xml:104:13-49
	android:windowSoftInputMode
		ADDED from src\main\AndroidManifest.xml:106:13-52
	android:theme
		ADDED from src\main\AndroidManifest.xml:105:13-52
	android:name
		ADDED from src\main\AndroidManifest.xml:103:13-72
activity#cc.yuanlee.labtalk.activity.ExitGroupDialog
ADDED from src\main\AndroidManifest.xml:108:9-111:58
	android:screenOrientation
		ADDED from src\main\AndroidManifest.xml:110:13-49
	android:theme
		ADDED from src\main\AndroidManifest.xml:111:13-55
	android:name
		ADDED from src\main\AndroidManifest.xml:109:13-71
activity#cc.yuanlee.labtalk.activity.GroupPickContactsActivity
ADDED from src\main\AndroidManifest.xml:113:9-117:55
	android:screenOrientation
		ADDED from src\main\AndroidManifest.xml:115:13-49
	android:windowSoftInputMode
		ADDED from src\main\AndroidManifest.xml:117:13-52
	android:theme
		ADDED from src\main\AndroidManifest.xml:116:13-52
	android:name
		ADDED from src\main\AndroidManifest.xml:114:13-81
activity#cc.yuanlee.labtalk.activity.PickAtUserActivity
ADDED from src\main\AndroidManifest.xml:118:9-121:55
	android:screenOrientation
		ADDED from src\main\AndroidManifest.xml:120:13-49
	android:theme
		ADDED from src\main\AndroidManifest.xml:121:13-52
	android:name
		ADDED from src\main\AndroidManifest.xml:119:13-74
activity#cc.yuanlee.easeui.ui.EaseBaiduMapActivity
ADDED from src\main\AndroidManifest.xml:123:9-126:55
	android:screenOrientation
		ADDED from src\main\AndroidManifest.xml:125:13-49
	android:theme
		ADDED from src\main\AndroidManifest.xml:126:13-52
	android:name
		ADDED from src\main\AndroidManifest.xml:124:13-69
activity#cc.yuanlee.labtalk.activity.NewFriendsMsgActivity
ADDED from src\main\AndroidManifest.xml:129:9-132:55
	android:screenOrientation
		ADDED from src\main\AndroidManifest.xml:131:13-49
	android:theme
		ADDED from src\main\AndroidManifest.xml:132:13-52
	android:name
		ADDED from src\main\AndroidManifest.xml:130:13-77
activity#cc.yuanlee.labtalk.activity.ForwardMessageActivity
ADDED from src\main\AndroidManifest.xml:134:9-138:55
	android:screenOrientation
		ADDED from src\main\AndroidManifest.xml:136:13-49
	android:windowSoftInputMode
		ADDED from src\main\AndroidManifest.xml:138:13-52
	android:theme
		ADDED from src\main\AndroidManifest.xml:137:13-52
	android:name
		ADDED from src\main\AndroidManifest.xml:135:13-78
activity#cc.yuanlee.labtalk.activity.ContextMenuActivity
ADDED from src\main\AndroidManifest.xml:140:9-143:52
	android:screenOrientation
		ADDED from src\main\AndroidManifest.xml:142:13-49
	android:theme
		ADDED from src\main\AndroidManifest.xml:143:13-49
	android:name
		ADDED from src\main\AndroidManifest.xml:141:13-75
activity#cc.yuanlee.easeui.ui.EaseShowBigImageActivity
ADDED from src\main\AndroidManifest.xml:145:9-148:55
	android:screenOrientation
		ADDED from src\main\AndroidManifest.xml:147:13-49
	android:theme
		ADDED from src\main\AndroidManifest.xml:148:13-52
	android:name
		ADDED from src\main\AndroidManifest.xml:146:13-73
activity#cc.yuanlee.easeui.ui.EaseShowNormalFileActivity
ADDED from src\main\AndroidManifest.xml:150:9-153:55
	android:screenOrientation
		ADDED from src\main\AndroidManifest.xml:152:13-49
	android:theme
		ADDED from src\main\AndroidManifest.xml:153:13-52
	android:name
		ADDED from src\main\AndroidManifest.xml:151:13-75
activity#cc.yuanlee.labtalk.activity.BlacklistActivity
ADDED from src\main\AndroidManifest.xml:155:9-158:55
	android:screenOrientation
		ADDED from src\main\AndroidManifest.xml:157:13-49
	android:theme
		ADDED from src\main\AndroidManifest.xml:158:13-52
	android:name
		ADDED from src\main\AndroidManifest.xml:156:13-73
activity#cc.yuanlee.labtalk.activity.PublicGroupsActivity
ADDED from src\main\AndroidManifest.xml:161:9-165:55
	android:screenOrientation
		ADDED from src\main\AndroidManifest.xml:163:13-49
	android:windowSoftInputMode
		ADDED from src\main\AndroidManifest.xml:165:13-52
	android:theme
		ADDED from src\main\AndroidManifest.xml:164:13-52
	android:name
		ADDED from src\main\AndroidManifest.xml:162:13-76
activity#cc.yuanlee.labtalk.activity.ResearchRoomsActivity
ADDED from src\main\AndroidManifest.xml:166:9-170:55
	android:screenOrientation
		ADDED from src\main\AndroidManifest.xml:168:13-49
	android:windowSoftInputMode
		ADDED from src\main\AndroidManifest.xml:170:13-52
	android:theme
		ADDED from src\main\AndroidManifest.xml:169:13-52
	android:name
		ADDED from src\main\AndroidManifest.xml:167:13-77
activity#cc.yuanlee.labtalk.activity.VoiceCallActivity
ADDED from src\main\AndroidManifest.xml:173:9-177:51
	android:screenOrientation
		ADDED from src\main\AndroidManifest.xml:176:13-49
	android:launchMode
		ADDED from src\main\AndroidManifest.xml:175:13-44
	android:theme
		ADDED from src\main\AndroidManifest.xml:177:13-48
	android:name
		ADDED from src\main\AndroidManifest.xml:174:13-73
activity#cc.yuanlee.labtalk.activity.VideoCallActivity
ADDED from src\main\AndroidManifest.xml:179:9-184:55
	android:screenOrientation
		ADDED from src\main\AndroidManifest.xml:183:13-49
	android:launchMode
		ADDED from src\main\AndroidManifest.xml:182:13-44
	android:configChanges
		ADDED from src\main\AndroidManifest.xml:181:13-74
	android:theme
		ADDED from src\main\AndroidManifest.xml:184:13-52
	android:name
		ADDED from src\main\AndroidManifest.xml:180:13-73
activity#cc.yuanlee.labtalk.activity.GroupSimpleDetailActivity
ADDED from src\main\AndroidManifest.xml:186:9-189:55
	android:screenOrientation
		ADDED from src\main\AndroidManifest.xml:188:13-49
	android:theme
		ADDED from src\main\AndroidManifest.xml:189:13-52
	android:name
		ADDED from src\main\AndroidManifest.xml:187:13-81
activity#cc.yuanlee.labtalk.activity.GroupBlacklistActivity
ADDED from src\main\AndroidManifest.xml:191:9-194:55
	android:screenOrientation
		ADDED from src\main\AndroidManifest.xml:193:13-49
	android:theme
		ADDED from src\main\AndroidManifest.xml:194:13-52
	android:name
		ADDED from src\main\AndroidManifest.xml:192:13-78
activity#cc.yuanlee.labtalk.activity.GroupSearchMessageActivity
ADDED from src\main\AndroidManifest.xml:195:9-199:58
	android:screenOrientation
		ADDED from src\main\AndroidManifest.xml:197:13-49
	android:windowSoftInputMode
		ADDED from src\main\AndroidManifest.xml:199:13-55
	android:theme
		ADDED from src\main\AndroidManifest.xml:198:13-52
	android:name
		ADDED from src\main\AndroidManifest.xml:196:13-82
activity#cc.yuanlee.labtalk.activity.PublicGroupsSeachActivity
ADDED from src\main\AndroidManifest.xml:200:9-203:55
	android:screenOrientation
		ADDED from src\main\AndroidManifest.xml:202:13-49
	android:theme
		ADDED from src\main\AndroidManifest.xml:203:13-52
	android:name
		ADDED from src\main\AndroidManifest.xml:201:13-81
activity#cc.yuanlee.labtalk.activity.EditActivity
ADDED from src\main\AndroidManifest.xml:204:9-208:58
	android:screenOrientation
		ADDED from src\main\AndroidManifest.xml:206:13-49
	android:windowSoftInputMode
		ADDED from src\main\AndroidManifest.xml:208:13-55
	android:theme
		ADDED from src\main\AndroidManifest.xml:207:13-52
	android:name
		ADDED from src\main\AndroidManifest.xml:205:13-68
activity#cc.yuanlee.easeui.ui.EaseShowVideoActivity
ADDED from src\main\AndroidManifest.xml:209:9-213:63
	android:screenOrientation
		ADDED from src\main\AndroidManifest.xml:211:13-49
	android:windowSoftInputMode
		ADDED from src\main\AndroidManifest.xml:213:13-60
	android:theme
		ADDED from src\main\AndroidManifest.xml:212:13-52
	android:name
		ADDED from src\main\AndroidManifest.xml:210:13-70
activity#cc.yuanlee.easeui.ui.MissionPublishActivity
ADDED from src\main\AndroidManifest.xml:215:9-219:63
	android:screenOrientation
		ADDED from src\main\AndroidManifest.xml:217:13-49
	android:windowSoftInputMode
		ADDED from src\main\AndroidManifest.xml:219:13-60
	android:theme
		ADDED from src\main\AndroidManifest.xml:218:13-52
	android:name
		ADDED from src\main\AndroidManifest.xml:216:13-71
activity#cc.yuanlee.easeui.ui.MissionAckUserListActivity
ADDED from src\main\AndroidManifest.xml:221:9-225:63
	android:screenOrientation
		ADDED from src\main\AndroidManifest.xml:223:13-49
	android:windowSoftInputMode
		ADDED from src\main\AndroidManifest.xml:225:13-60
	android:theme
		ADDED from src\main\AndroidManifest.xml:224:13-52
	android:name
		ADDED from src\main\AndroidManifest.xml:222:13-75
activity#cc.yuanlee.labtalk.activity.ImageGridActivity
ADDED from src\main\AndroidManifest.xml:227:9-231:63
	android:screenOrientation
		ADDED from src\main\AndroidManifest.xml:229:13-49
	android:windowSoftInputMode
		ADDED from src\main\AndroidManifest.xml:231:13-60
	android:theme
		ADDED from src\main\AndroidManifest.xml:230:13-52
	android:name
		ADDED from src\main\AndroidManifest.xml:228:13-73
activity#cc.yuanlee.labtalk.activity.RecorderVideoActivity
ADDED from src\main\AndroidManifest.xml:232:9-236:63
	android:screenOrientation
		ADDED from src\main\AndroidManifest.xml:234:13-49
	android:windowSoftInputMode
		ADDED from src\main\AndroidManifest.xml:236:13-60
	android:theme
		ADDED from src\main\AndroidManifest.xml:235:13-52
	android:name
		ADDED from src\main\AndroidManifest.xml:233:13-77
activity#cc.yuanlee.labtalk.activity.ApplyForResearchRoomActivity
ADDED from src\main\AndroidManifest.xml:238:9-240:55
	android:screenOrientation
		ADDED from src\main\AndroidManifest.xml:239:13-49
	android:theme
		ADDED from src\main\AndroidManifest.xml:240:13-52
	android:name
		ADDED from src\main\AndroidManifest.xml:238:19-72
activity#cc.yuanlee.labtalk.activity.LabDetailsActivity
ADDED from src\main\AndroidManifest.xml:241:9-243:55
	android:screenOrientation
		ADDED from src\main\AndroidManifest.xml:242:13-49
	android:theme
		ADDED from src\main\AndroidManifest.xml:243:13-52
	android:name
		ADDED from src\main\AndroidManifest.xml:241:19-62
receiver#cc.yuanlee.labtalk.receiver.StartServiceReceiver
ADDED from src\main\AndroidManifest.xml:246:9-253:20
	android:name
		ADDED from src\main\AndroidManifest.xml:246:19-82
intent-filter#android.intent.action.BOOT_COMPLETED+android.intent.action.QUICKBOOT_POWERON+android.intent.category.LAUNCHER
ADDED from src\main\AndroidManifest.xml:247:13-252:29
	android:priority
		ADDED from src\main\AndroidManifest.xml:247:28-51
action#android.intent.action.BOOT_COMPLETED
ADDED from src\main\AndroidManifest.xml:248:17-79
	android:name
		ADDED from src\main\AndroidManifest.xml:248:25-76
action#android.intent.action.QUICKBOOT_POWERON
ADDED from src\main\AndroidManifest.xml:249:17-82
	android:name
		ADDED from src\main\AndroidManifest.xml:249:25-79
service#cc.yuanlee.labtalk.fcm.FCMMSGService
ADDED from src\main\AndroidManifest.xml:256:9-260:19
	android:name
		ADDED from src\main\AndroidManifest.xml:256:18-69
intent-filter#com.google.firebase.MESSAGING_EVENT
ADDED from src\main\AndroidManifest.xml:257:13-259:29
action#com.google.firebase.MESSAGING_EVENT
ADDED from src\main\AndroidManifest.xml:258:17-78
	android:name
		ADDED from src\main\AndroidManifest.xml:258:25-75
service#cc.yuanlee.labtalk.fcm.FCMTokenRefreshService
ADDED from src\main\AndroidManifest.xml:262:9-266:19
	android:name
		ADDED from src\main\AndroidManifest.xml:262:18-78
intent-filter#com.google.firebase.INSTANCE_ID_EVENT
ADDED from src\main\AndroidManifest.xml:263:13-265:29
action#com.google.firebase.INSTANCE_ID_EVENT
ADDED from src\main\AndroidManifest.xml:264:17-80
	android:name
		ADDED from src\main\AndroidManifest.xml:264:25-77
service#com.xiaomi.mipush.sdk.PushMessageHandler
ADDED from src\main\AndroidManifest.xml:270:9-274:46
	android:enabled
		ADDED from src\main\AndroidManifest.xml:272:13-35
	android:exported
		ADDED from src\main\AndroidManifest.xml:273:13-36
	tools:ignore
		ADDED from src\main\AndroidManifest.xml:274:13-43
	android:name
		ADDED from src\main\AndroidManifest.xml:271:13-68
service#com.xiaomi.mipush.sdk.MessageHandleService
ADDED from src\main\AndroidManifest.xml:275:9-277:38
	android:enabled
		ADDED from src\main\AndroidManifest.xml:277:13-35
	android:name
		ADDED from src\main\AndroidManifest.xml:276:13-70
receiver#com.hyphenate.chat.EMMipushReceiver
ADDED from src\main\AndroidManifest.xml:279:9-292:20
	android:exported
		ADDED from src\main\AndroidManifest.xml:281:13-36
	tools:ignore
		ADDED from src\main\AndroidManifest.xml:282:13-44
	android:name
		ADDED from src\main\AndroidManifest.xml:280:13-63
intent-filter#com.xiaomi.mipush.RECEIVE_MESSAGE
ADDED from src\main\AndroidManifest.xml:283:13-285:29
action#com.xiaomi.mipush.RECEIVE_MESSAGE
ADDED from src\main\AndroidManifest.xml:284:17-76
	android:name
		ADDED from src\main\AndroidManifest.xml:284:25-73
intent-filter#com.xiaomi.mipush.MESSAGE_ARRIVED
ADDED from src\main\AndroidManifest.xml:286:13-288:29
action#com.xiaomi.mipush.MESSAGE_ARRIVED
ADDED from src\main\AndroidManifest.xml:287:17-76
	android:name
		ADDED from src\main\AndroidManifest.xml:287:25-73
intent-filter#com.xiaomi.mipush.ERROR
ADDED from src\main\AndroidManifest.xml:289:13-291:29
action#com.xiaomi.mipush.ERROR
ADDED from src\main\AndroidManifest.xml:290:17-66
	android:name
		ADDED from src\main\AndroidManifest.xml:290:25-63
meta-data#EASEMOB_APPKEY
ADDED from src\main\AndroidManifest.xml:296:9-298:56
	android:value
		ADDED from src\main\AndroidManifest.xml:298:13-53
	android:name
		ADDED from src\main\AndroidManifest.xml:297:13-42
service#com.hyphenate.chat.EMChatService
ADDED from src\main\AndroidManifest.xml:300:9-303:46
	android:exported
		ADDED from src\main\AndroidManifest.xml:302:13-36
	tools:ignore
		ADDED from src\main\AndroidManifest.xml:303:13-43
	android:name
		ADDED from src\main\AndroidManifest.xml:301:13-60
service#com.hyphenate.chat.EMJobService
ADDED from src\main\AndroidManifest.xml:304:9-307:72
	android:exported
		ADDED from src\main\AndroidManifest.xml:306:13-36
	android:permission
		ADDED from src\main\AndroidManifest.xml:307:13-69
	android:name
		ADDED from src\main\AndroidManifest.xml:305:13-59
receiver#com.hyphenate.chat.EMMonitorReceiver
ADDED from src\main\AndroidManifest.xml:310:9-321:20
	android:name
		ADDED from src\main\AndroidManifest.xml:310:19-70
intent-filter#android.intent.action.PACKAGE_REMOVED
ADDED from src\main\AndroidManifest.xml:311:13-315:29
action#android.intent.action.PACKAGE_REMOVED
ADDED from src\main\AndroidManifest.xml:312:17-80
	android:name
		ADDED from src\main\AndroidManifest.xml:312:25-77
data
ADDED from src\main\AndroidManifest.xml:314:17-50
	android:scheme
		ADDED from src\main\AndroidManifest.xml:314:23-47
intent-filter#android.intent.action.BOOT_COMPLETED+android.intent.action.USER_PRESENT
ADDED from src\main\AndroidManifest.xml:317:13-320:29
action#android.intent.action.USER_PRESENT
ADDED from src\main\AndroidManifest.xml:319:17-77
	android:name
		ADDED from src\main\AndroidManifest.xml:319:25-74
service#com.baidu.location.f
ADDED from src\main\AndroidManifest.xml:324:9-327:41
	android:enabled
		ADDED from src\main\AndroidManifest.xml:326:13-35
	android:process
		ADDED from src\main\AndroidManifest.xml:327:13-38
	android:name
		ADDED from src\main\AndroidManifest.xml:325:13-48
meta-data#com.baidu.lbsapi.API_KEY
ADDED from src\main\AndroidManifest.xml:328:9-330:64
	android:value
		ADDED from src\main\AndroidManifest.xml:330:13-61
	android:name
		ADDED from src\main\AndroidManifest.xml:329:13-52
uses-sdk
INJECTED from src\main\AndroidManifest.xml reason: use-sdk injection requested
MERGED from [com.android.support:multidex:1.0.1] AndroidManifest.xml:18:5-42
MERGED from [talk:easeui:unspecified] AndroidManifest.xml:5:5-7:41
MERGED from [com.android.support:appcompat-v7:24.2.1] AndroidManifest.xml:21:5-23:78
MERGED from [com.android.support:animated-vector-drawable:24.2.1] AndroidManifest.xml:20:5-44
MERGED from [com.android.support:support-vector-drawable:24.2.1] AndroidManifest.xml:21:5-43
MERGED from [com.jakewharton:butterknife:8.8.1] AndroidManifest.xml:5:5-43
MERGED from [com.google.firebase:firebase-messaging:15.0.2] AndroidManifest.xml:20:5-44
MERGED from [com.google.firebase:firebase-core:15.0.2] AndroidManifest.xml:5:5-44
MERGED from [com.google.firebase:firebase-measurement-connector-impl:15.0.0] AndroidManifest.xml:20:5-44
MERGED from [com.google.firebase:firebase-analytics:15.0.2] AndroidManifest.xml:20:5-44
MERGED from [com.google.firebase:firebase-analytics-impl:15.0.2] AndroidManifest.xml:20:5-44
MERGED from [com.google.android.gms:play-services-ads-identifier:15.0.1] AndroidManifest.xml:20:5-44
MERGED from [com.google.android.gms:play-services-measurement-base:15.0.2] AndroidManifest.xml:20:5-44
MERGED from [com.google.firebase:firebase-iid:15.1.0] AndroidManifest.xml:20:5-44
MERGED from [com.google.firebase:firebase-iid-interop:15.0.0] AndroidManifest.xml:5:5-44
MERGED from [com.google.firebase:firebase-common:15.0.1] AndroidManifest.xml:5:5-44
MERGED from [com.google.firebase:firebase-measurement-connector:15.0.0] AndroidManifest.xml:20:5-44
MERGED from [com.google.android.gms:play-services-gcm:15.0.1] AndroidManifest.xml:20:5-44
MERGED from [com.google.android.gms:play-services-iid:15.0.1] AndroidManifest.xml:20:5-44
MERGED from [com.google.android.gms:play-services-base:15.0.1] AndroidManifest.xml:20:5-44
MERGED from [com.google.android.gms:play-services-tasks:15.0.1] AndroidManifest.xml:5:5-44
MERGED from [com.google.android.gms:play-services-stats:15.0.1] AndroidManifest.xml:5:5-44
MERGED from [com.google.android.gms:play-services-basement:15.0.1] AndroidManifest.xml:20:5-44
MERGED from [com.tencent.bugly:crashreport:2.6.6.1] AndroidManifest.xml:5:5-7:41
MERGED from [com.tencent.bugly:nativecrashreport:3.3.1] AndroidManifest.xml:5:5-7:41
MERGED from [cn.leancloud.android:avoscloud-push:v4.6.4] AndroidManifest.xml:7:5-9:41